# JRE version: OpenJDK Runtime Environment (7.0_101) (build 1.7.0_101-b00)
# Java VM: OpenJDK 64-Bit Server VM (24.95-b01 mixed mode linux-amd64 )
Heap
 PSYoungGen      total 1253376K, used 97914K [0x00007f465a500000, 0x00007f46b4e80000, 0x00007f4ab1000000)
  eden space 1037312K, 0% used [0x00007f465a500000,0x00007f465a500000,0x00007f4699a00000)
  from space 216064K, 45% used [0x00007f46a7280000,0x00007f46ad21ebf8,0x00007f46b4580000)
  to   space 221696K, 0% used [0x00007f4699a00000,0x00007f4699a00000,0x00007f46a7280000)
 ParOldGen       total 1048576K, used 1048241K [0x00007f3dad000000, 0x00007f3ded000000, 0x00007f465a500000)
  object space 1048576K, 99% used [0x00007f3dad000000,0x00007f3decfac780,0x00007f3ded000000)
 PSPermGen       total 101376K, used 66077K [0x00007f3da2a00000, 0x00007f3da8d00000, 0x00007f3dad000000)
  object space 101376K, 65% used [0x00007f3da2a00000,0x00007f3da6a87488,0x00007f3da8d00000)
GC Heap History (10 events):
Event: 163.080 GC heap after
Heap after GC invocations=44 (full 7):
 PSYoungGen      total 964608K, used 140743K [0x00007f465a500000, 0x00007f46aa380000, 0x00007f4ab1000000)
  eden space 775168K, 0% used [0x00007f465a500000,0x00007f465a500000,0x00007f4689a00000)
  from space 189440K, 74% used [0x00007f4689a00000,0x00007f4692371c48,0x00007f4695300000)
  to   space 203776K, 0% used [0x00007f469dc80000,0x00007f469dc80000,0x00007f46aa380000)
 ParOldGen       total 781824K, used 748030K [0x00007f3dad000000, 0x00007f3ddcb80000, 0x00007f465a500000)
  object space 781824K, 95% used [0x00007f3dad000000,0x00007f3ddaa7fb70,0x00007f3ddcb80000)
 PSPermGen       total 105472K, used 66072K [0x00007f3da2a00000, 0x00007f3da9100000, 0x00007f3dad000000)
  object space 105472K, 62% used [0x00007f3da2a00000,0x00007f3da6a86390,0x00007f3da9100000)
}
Event: 163.080 GC heap before
{Heap before GC invocations=45 (full 8):
 PSYoungGen      total 964608K, used 140743K [0x00007f465a500000, 0x00007f46aa380000, 0x00007f4ab1000000)
  eden space 775168K, 0% used [0x00007f465a500000,0x00007f465a500000,0x00007f4689a00000)
  from space 189440K, 74% used [0x00007f4689a00000,0x00007f4692371c48,0x00007f4695300000)
  to   space 203776K, 0% used [0x00007f469dc80000,0x00007f469dc80000,0x00007f46aa380000)
 ParOldGen       total 781824K, used 748030K [0x00007f3dad000000, 0x00007f3ddcb80000, 0x00007f465a500000)
  object space 781824K, 95% used [0x00007f3dad000000,0x00007f3ddaa7fb70,0x00007f3ddcb80000)
 PSPermGen       total 105472K, used 66072K [0x00007f3da2a00000, 0x00007f3da9100000, 0x00007f3dad000000)
  object space 105472K, 62% used [0x00007f3da2a00000,0x00007f3da6a86390,0x00007f3da9100000)
Event: 169.911 GC heap after
Heap after GC invocations=45 (full 8):
 PSYoungGen      total 964608K, used 100117K [0x00007f465a500000, 0x00007f46aa380000, 0x00007f4ab1000000)
  eden space 775168K, 0% used [0x00007f465a500000,0x00007f465a500000,0x00007f4689a00000)
  from space 189440K, 52% used [0x00007f4689a00000,0x00007f468fbc5478,0x00007f4695300000)
  to   space 203776K, 0% used [0x00007f469dc80000,0x00007f469dc80000,0x00007f46aa380000)
 ParOldGen       total 1048576K, used 781682K [0x00007f3dad000000, 0x00007f3ded000000, 0x00007f465a500000)
  object space 1048576K, 74% used [0x00007f3dad000000,0x00007f3ddcb5cba0,0x00007f3ded000000)
 PSPermGen       total 101376K, used 66072K [0x00007f3da2a00000, 0x00007f3da8d00000, 0x00007f3dad000000)
  object space 101376K, 65% used [0x00007f3da2a00000,0x00007f3da6a86370,0x00007f3da8d00000)
}
Event: 172.304 GC heap before
{Heap before GC invocations=46 (full 8):
 PSYoungGen      total 964608K, used 875285K [0x00007f465a500000, 0x00007f46aa380000, 0x00007f4ab1000000)
  eden space 775168K, 100% used [0x00007f465a500000,0x00007f4689a00000,0x00007f4689a00000)
  from space 189440K, 52% used [0x00007f4689a00000,0x00007f468fbc5478,0x00007f4695300000)
  to   space 203776K, 0% used [0x00007f469dc80000,0x00007f469dc80000,0x00007f46aa380000)
 ParOldGen       total 1048576K, used 781682K [0x00007f3dad000000, 0x00007f3ded000000, 0x00007f465a500000)
  object space 1048576K, 74% used [0x00007f3dad000000,0x00007f3ddcb5cba0,0x00007f3ded000000)
 PSPermGen       total 101376K, used 66073K [0x00007f3da2a00000, 0x00007f3da8d00000, 0x00007f3dad000000)
  object space 101376K, 65% used [0x00007f3da2a00000,0x00007f3da6a865e0,0x00007f3da8d00000)
Event: 221.613 GC heap after
Heap after GC invocations=46 (full 8):
 PSYoungGen      total 1083904K, used 169846K [0x00007f465a500000, 0x00007f46adc80000, 0x00007f4ab1000000)
  eden space 880128K, 0% used [0x00007f465a500000,0x00007f465a500000,0x00007f4690080000)
  from space 203776K, 83% used [0x00007f469dc80000,0x00007f46a825da58,0x00007f46aa380000)
  to   space 225280K, 0% used [0x00007f4690080000,0x00007f4690080000,0x00007f469dc80000)
 ParOldGen       total 1048576K, used 861405K [0x00007f3dad000000, 0x00007f3ded000000, 0x00007f465a500000)
  object space 1048576K, 82% used [0x00007f3dad000000,0x00007f3de19377e0,0x00007f3ded000000)
 PSPermGen       total 101376K, used 66073K [0x00007f3da2a00000, 0x00007f3da8d00000, 0x00007f3dad000000)
  object space 101376K, 65% used [0x00007f3da2a00000,0x00007f3da6a865e0,0x00007f3da8d00000)
}
Event: 228.406 GC heap before
{Heap before GC invocations=47 (full 8):
 PSYoungGen      total 1083904K, used 1049974K [0x00007f465a500000, 0x00007f46adc80000, 0x00007f4ab1000000)
  eden space 880128K, 100% used [0x00007f465a500000,0x00007f4690080000,0x00007f4690080000)
  from space 203776K, 83% used [0x00007f469dc80000,0x00007f46a825da58,0x00007f46aa380000)
  to   space 225280K, 0% used [0x00007f4690080000,0x00007f4690080000,0x00007f469dc80000)
 ParOldGen       total 1048576K, used 861405K [0x00007f3dad000000, 0x00007f3ded000000, 0x00007f465a500000)
  object space 1048576K, 82% used [0x00007f3dad000000,0x00007f3de19377e0,0x00007f3ded000000)
 PSPermGen       total 101376K, used 66074K [0x00007f3da2a00000, 0x00007f3da8d00000, 0x00007f3dad000000)
  object space 101376K, 65% used [0x00007f3da2a00000,0x00007f3da6a86958,0x00007f3da8d00000)
Event: 245.819 GC heap after
Heap after GC invocations=47 (full 8):
 PSYoungGen      total 1105408K, used 98518K [0x00007f465a500000, 0x00007f46b4580000, 0x00007f4ab1000000)
  eden space 880128K, 0% used [0x00007f465a500000,0x00007f465a500000,0x00007f4690080000)
  from space 225280K, 43% used [0x00007f4690080000,0x00007f46960b5b98,0x00007f469dc80000)
  to   space 216064K, 0% used [0x00007f46a7280000,0x00007f46a7280000,0x00007f46b4580000)
 ParOldGen       total 1048576K, used 914582K [0x00007f3dad000000, 0x00007f3ded000000, 0x00007f465a500000)
  object space 1048576K, 87% used [0x00007f3dad000000,0x00007f3de4d258c8,0x00007f3ded000000)
 PSPermGen       total 101376K, used 66074K [0x00007f3da2a00000, 0x00007f3da8d00000, 0x00007f3dad000000)
  object space 101376K, 65% used [0x00007f3da2a00000,0x00007f3da6a86958,0x00007f3da8d00000)
}
Event: 284.177 GC heap before
{Heap before GC invocations=48 (full 8):
 PSYoungGen      total 1105408K, used 978646K [0x00007f465a500000, 0x00007f46b4580000, 0x00007f4ab1000000)
  eden space 880128K, 100% used [0x00007f465a500000,0x00007f4690080000,0x00007f4690080000)
  from space 225280K, 43% used [0x00007f4690080000,0x00007f46960b5b98,0x00007f469dc80000)
  to   space 216064K, 0% used [0x00007f46a7280000,0x00007f46a7280000,0x00007f46b4580000)
 ParOldGen       total 1048576K, used 914582K [0x00007f3dad000000, 0x00007f3ded000000, 0x00007f465a500000)
  object space 1048576K, 87% used [0x00007f3dad000000,0x00007f3de4d258c8,0x00007f3ded000000)
 PSPermGen       total 101376K, used 66077K [0x00007f3da2a00000, 0x00007f3da8d00000, 0x00007f3dad000000)
  object space 101376K, 65% used [0x00007f3da2a00000,0x00007f3da6a874a8,0x00007f3da8d00000)
Event: 313.588 GC heap after
Heap after GC invocations=48 (full 8):
 PSYoungGen      total 1253376K, used 137596K [0x00007f465a500000, 0x00007f46b4e80000, 0x00007f4ab1000000)
  eden space 1037312K, 0% used [0x00007f465a500000,0x00007f465a500000,0x00007f4699a00000)
  from space 216064K, 63% used [0x00007f46a7280000,0x00007f46af8df180,0x00007f46b4580000)
  to   space 221696K, 0% used [0x00007f4699a00000,0x00007f4699a00000,0x00007f46a7280000)
 ParOldGen       total 1048576K, used 1012653K [0x00007f3dad000000, 0x00007f3ded000000, 0x00007f465a500000)
  object space 1048576K, 96% used [0x00007f3dad000000,0x00007f3deaceb530,0x00007f3ded000000)
 PSPermGen       total 101376K, used 66077K [0x00007f3da2a00000, 0x00007f3da8d00000, 0x00007f3dad000000)
  object space 101376K, 65% used [0x00007f3da2a00000,0x00007f3da6a874a8,0x00007f3da8d00000)
}
Event: 316.295 GC heap before
{Heap before GC invocations=49 (full 9):
 PSYoungGen      total 1253376K, used 137596K [0x00007f465a500000, 0x00007f46b4e80000, 0x00007f4ab1000000)
  eden space 1037312K, 0% used [0x00007f465a500000,0x00007f465a500000,0x00007f4699a00000)
  from space 216064K, 63% used [0x00007f46a7280000,0x00007f46af8df180,0x00007f46b4580000)
  to   space 221696K, 0% used [0x00007f4699a00000,0x00007f4699a00000,0x00007f46a7280000)
 ParOldGen       total 1048576K, used 1012653K [0x00007f3dad000000, 0x00007f3ded000000, 0x00007f465a500000)
  object space 1048576K, 96% used [0x00007f3dad000000,0x00007f3deaceb530,0x00007f3ded000000)
 PSPermGen       total 101376K, used 66077K [0x00007f3da2a00000, 0x00007f3da8d00000, 0x00007f3dad000000)
  object space 101376K, 65% used [0x00007f3da2a00000,0x00007f3da6a874a8,0x00007f3da8d00000)

